2001.01.13 20:14 B C:\mindspring\www\iig\manual\11672.gif <-- Mindspring /lkifer/www/iig/manual 11672.gif
2001.01.13 20:14 B C:\mindspring\www\iig\manual\accttran.gif <-- Mindspring /lkifer/www/iig/manual accttran.gif
2001.01.13 20:14 B C:\mindspring\www\iig\manual\attn.gif <-- Mindspring /lkifer/www/iig/manual attn.gif
2001.01.13 20:14 B C:\mindspring\www\iig\manual\btnbar.gif <-- Mindspring /lkifer/www/iig/manual btnbar.gif
2001.01.13 20:14 B C:\mindspring\www\iig\manual\cntry.gif <-- Mindspring /lkifer/www/iig/manual cntry.gif
2001.01.13 20:14 B C:\mindspring\www\iig\manual\custno.gif <-- Mindspring /lkifer/www/iig/manual custno.gif
2001.01.13 20:14 A C:\mindspring\www\iig\manual\detail.BAK.txt <-- Mindspring /lkifer/www/iig/manual detail.BAK.txt
2001.01.13 20:14 A C:\mindspring\www\iig\manual\detail.htm <-- Mindspring /lkifer/www/iig/manual detail.htm
2001.01.13 20:14 B C:\mindspring\www\iig\manual\detail03.gif <-- Mindspring /lkifer/www/iig/manual detail03.gif
2001.01.13 20:14 B C:\mindspring\www\iig\manual\detail04.gif <-- Mindspring /lkifer/www/iig/manual detail04.gif
2001.01.13 20:14 B C:\mindspring\www\iig\manual\doctype.gif <-- Mindspring /lkifer/www/iig/manual doctype.gif
2001.01.13 20:14 B C:\mindspring\www\iig\manual\dtlbtn.gif <-- Mindspring /lkifer/www/iig/manual dtlbtn.gif
2001.01.13 20:14 B C:\mindspring\www\iig\manual\dwnld02.gif <-- Mindspring /lkifer/www/iig/manual dwnld02.gif
2001.01.13 20:14 B C:\mindspring\www\iig\manual\dwnld03.gif <-- Mindspring /lkifer/www/iig/manual dwnld03.gif
2001.01.13 20:14 B C:\mindspring\www\iig\manual\exch.gif <-- Mindspring /lkifer/www/iig/manual exch.gif
2001.01.13 20:14 B C:\mindspring\www\iig\manual\footer.gif <-- Mindspring /lkifer/www/iig/manual footer.gif
2001.01.13 20:14 A C:\mindspring\www\iig\manual\footer.htm <-- Mindspring /lkifer/www/iig/manual footer.htm
2001.01.13 20:14 B C:\mindspring\www\iig\manual\ftrbtn.gif <-- Mindspring /lkifer/www/iig/manual ftrbtn.gif
2001.01.13 20:14 B C:\mindspring\www\iig\manual\hdrbtn.gif <-- Mindspring /lkifer/www/iig/manual hdrbtn.gif
2001.01.13 20:14 B C:\mindspring\www\iig\manual\header.gif <-- Mindspring /lkifer/www/iig/manual header.gif
2001.01.13 20:14 A C:\mindspring\www\iig\manual\header.htm <-- Mindspring /lkifer/www/iig/manual header.htm
2001.01.13 20:14 A C:\mindspring\www\iig\manual\home.htm <-- Mindspring /lkifer/www/iig/manual home.htm
2001.01.13 20:14 B C:\mindspring\www\iig\manual\hp.gif <-- Mindspring /lkifer/www/iig/manual hp.gif
2001.01.13 20:14 B C:\mindspring\www\iig\manual\hw_tr.gif <-- Mindspring /lkifer/www/iig/manual hw_tr.gif
2001.01.13 20:14 B C:\mindspring\www\iig\manual\insert.gif <-- Mindspring /lkifer/www/iig/manual insert.gif
2001.01.13 20:14 B C:\mindspring\www\iig\manual\intl1i.gif <-- Mindspring /lkifer/www/iig/manual intl1i.gif
2001.01.13 20:14 B C:\mindspring\www\iig\manual\intlf.gif <-- Mindspring /lkifer/www/iig/manual intlf.gif
2001.01.13 20:14 A C:\mindspring\www\iig\manual\inv.htm <-- Mindspring /lkifer/www/iig/manual inv.htm
2001.01.13 20:14 B C:\mindspring\www\iig\manual\labels.gif <-- Mindspring /lkifer/www/iig/manual labels.gif
2001.01.13 20:14 B C:\mindspring\www\iig\manual\lic.gif <-- Mindspring /lkifer/www/iig/manual lic.gif
2001.01.13 20:14 B C:\mindspring\www\iig\manual\new.gif <-- Mindspring /lkifer/www/iig/manual new.gif
2001.01.13 20:14 B C:\mindspring\www\iig\manual\open.gif <-- Mindspring /lkifer/www/iig/manual open.gif
2001.01.13 20:14 B C:\mindspring\www\iig\manual\po.gif <-- Mindspring /lkifer/www/iig/manual po.gif
2001.01.13 20:14 B C:\mindspring\www\iig\manual\prfncs.gif <-- Mindspring /lkifer/www/iig/manual prfncs.gif
2001.01.13 20:14 B C:\mindspring\www\iig\manual\print.gif <-- Mindspring /lkifer/www/iig/manual print.gif
2001.01.13 20:14 A C:\mindspring\www\iig\manual\print.htm <-- Mindspring /lkifer/www/iig/manual print.htm
2001.01.13 20:14 B C:\mindspring\www\iig\manual\qty.gif <-- Mindspring /lkifer/www/iig/manual qty.gif
2001.01.13 20:14 B C:\mindspring\www\iig\manual\red_fctr.gif <-- Mindspring /lkifer/www/iig/manual red_fctr.gif
2001.01.13 20:15 B C:\mindspring\www\iig\manual\ref.gif <-- Mindspring /lkifer/www/iig/manual ref.gif
2001.01.13 20:15 B C:\mindspring\www\iig\manual\requstr.gif <-- Mindspring /lkifer/www/iig/manual requstr.gif
2001.01.13 20:15 B C:\mindspring\www\iig\manual\save.gif <-- Mindspring /lkifer/www/iig/manual save.gif
2001.01.13 20:15 B C:\mindspring\www\iig\manual\shipbill.gif <-- Mindspring /lkifer/www/iig/manual shipbill.gif
2001.01.13 20:15 A C:\mindspring\www\iig\manual\split.htm <-- Mindspring /lkifer/www/iig/manual split.htm
2001.01.13 20:15 B C:\mindspring\www\iig\manual\split01.gif <-- Mindspring /lkifer/www/iig/manual split01.gif
2001.01.13 20:15 B C:\mindspring\www\iig\manual\split02.gif <-- Mindspring /lkifer/www/iig/manual split02.gif
2001.01.13 20:15 B C:\mindspring\www\iig\manual\start01.gif <-- Mindspring /lkifer/www/iig/manual start01.gif
2001.01.13 20:15 B C:\mindspring\www\iig\manual\sw_tr.gif <-- Mindspring /lkifer/www/iig/manual sw_tr.gif
2001.01.13 20:15 B C:\mindspring\www\iig\manual\total.gif <-- Mindspring /lkifer/www/iig/manual total.gif
2001.01.13 20:15 B C:\mindspring\www\iig\manual\trash.gif <-- Mindspring /lkifer/www/iig/manual trash.gif
2001.01.13 20:15 A C:\mindspring\www\iig\manual\tut01.htm <-- Mindspring /lkifer/www/iig/manual tut01.htm
2001.01.13 20:15 B C:\mindspring\www\iig\manual\undlt.gif <-- Mindspring /lkifer/www/iig/manual undlt.gif
2001.01.13 20:15 B C:\mindspring\www\iig\manual\unit_cst.gif <-- Mindspring /lkifer/www/iig/manual unit_cst.gif
2001.01.13 20:15 B C:\mindspring\www\iig\manual\unit_pr.gif <-- Mindspring /lkifer/www/iig/manual unit_pr.gif
2001.01.13 20:15 B C:\mindspring\www\iig\manual\word.gif <-- Mindspring /lkifer/www/iig/manual word.gif
